2018-06-19T23:31:46.143+0800 I CONTROL  [main] Trying to start Windows service 'MongoDB'
2018-06-19T23:31:46.144+0800 I CONTROL  [initandlisten] MongoDB starting : pid=8316 port=27017 dbpath=D:\zhufeng\mongo\mddata 64-bit host=DESKTOP-2N85IO3
2018-06-19T23:31:46.145+0800 I CONTROL  [initandlisten] targetMinOS: Windows 7/Windows Server 2008 R2
2018-06-19T23:31:46.145+0800 I CONTROL  [initandlisten] db version v3.6.5
2018-06-19T23:31:46.145+0800 I CONTROL  [initandlisten] git version: a20ecd3e3a174162052ff99913bc2ca9a839d618
2018-06-19T23:31:46.145+0800 I CONTROL  [initandlisten] OpenSSL version: OpenSSL 1.0.2o-fips  27 Mar 2018
2018-06-19T23:31:46.145+0800 I CONTROL  [initandlisten] allocator: tcmalloc
2018-06-19T23:31:46.145+0800 I CONTROL  [initandlisten] modules: none
2018-06-19T23:31:46.146+0800 I CONTROL  [initandlisten] build environment:
2018-06-19T23:31:46.146+0800 I CONTROL  [initandlisten]     distmod: 2008plus-ssl
2018-06-19T23:31:46.146+0800 I CONTROL  [initandlisten]     distarch: x86_64
2018-06-19T23:31:46.146+0800 I CONTROL  [initandlisten]     target_arch: x86_64
2018-06-19T23:31:46.146+0800 I CONTROL  [initandlisten] options: { service: true, storage: { dbPath: "D:\zhufeng\mongo\mddata" }, systemLog: { destination: "file", path: "D:\zhufeng\mongo\mdlog.log" } }
2018-06-19T23:31:46.157+0800 I STORAGE  [initandlisten] wiredtiger_open config: create,cache_size=3553M,session_max=20000,eviction=(threads_min=4,threads_max=4),config_base=false,statistics=(fast),cache_cursors=false,log=(enabled=true,archive=true,path=journal,compressor=snappy),file_manager=(close_idle_time=100000),statistics_log=(wait=0),verbose=(recovery_progress),
2018-06-19T23:31:46.186+0800 I STORAGE  [initandlisten] WiredTiger message [1529422306:185615][8316:140711741186384], txn-recover: Set global recovery timestamp: 0
2018-06-19T23:31:46.211+0800 I CONTROL  [initandlisten] 
2018-06-19T23:31:46.211+0800 I CONTROL  [initandlisten] ** WARNING: Access control is not enabled for the database.
2018-06-19T23:31:46.211+0800 I CONTROL  [initandlisten] **          Read and write access to data and configuration is unrestricted.
2018-06-19T23:31:46.211+0800 I CONTROL  [initandlisten] 
2018-06-19T23:31:46.211+0800 I CONTROL  [initandlisten] ** WARNING: This server is bound to localhost.
2018-06-19T23:31:46.211+0800 I CONTROL  [initandlisten] **          Remote systems will be unable to connect to this server. 
2018-06-19T23:31:46.211+0800 I CONTROL  [initandlisten] **          Start the server with --bind_ip <address> to specify which IP 
2018-06-19T23:31:46.211+0800 I CONTROL  [initandlisten] **          addresses it should serve responses from, or with --bind_ip_all to
2018-06-19T23:31:46.211+0800 I CONTROL  [initandlisten] **          bind to all interfaces. If this behavior is desired, start the
2018-06-19T23:31:46.211+0800 I CONTROL  [initandlisten] **          server with --bind_ip 127.0.0.1 to disable this warning.
2018-06-19T23:31:46.211+0800 I CONTROL  [initandlisten] 
2018-06-19T23:31:46.211+0800 I CONTROL  [initandlisten] 
2018-06-19T23:31:46.211+0800 I CONTROL  [initandlisten] ** WARNING: The file system cache of this machine is configured to be greater than 40% of the total memory. This can lead to increased memory pressure and poor performance.
2018-06-19T23:31:46.211+0800 I CONTROL  [initandlisten] See http://dochub.mongodb.org/core/wt-windows-system-file-cache
2018-06-19T23:31:46.211+0800 I CONTROL  [initandlisten] 
2018-06-19T23:31:46.212+0800 I STORAGE  [initandlisten] createCollection: admin.system.version with provided UUID: d2974db8-7013-4a1a-a68e-20e95c04a33d
2018-06-19T23:31:46.223+0800 I COMMAND  [initandlisten] setting featureCompatibilityVersion to 3.6
2018-06-19T23:31:46.227+0800 I STORAGE  [initandlisten] createCollection: local.startup_log with generated UUID: 772811d1-9c29-4fb4-9c1d-27795e793cb7
2018-06-19T23:31:46.648+0800 I FTDC     [initandlisten] Initializing full-time diagnostic data capture with directory 'D:/zhufeng/mongo/mddata/diagnostic.data'
2018-06-19T23:31:46.650+0800 I NETWORK  [initandlisten] waiting for connections on port 27017
2018-06-19T23:31:46.650+0800 I STORAGE  [initandlisten] Service running
2018-06-19T23:32:05.756+0800 I CONTROL  [serviceShutdown] got SERVICE_CONTROL_STOP request from Windows Service Control Manager, will terminate after current cmd ends
2018-06-19T23:32:05.756+0800 I NETWORK  [serviceShutdown] shutdown: going to close listening sockets...
2018-06-19T23:32:05.757+0800 I FTDC     [serviceShutdown] Shutting down full-time diagnostic data capture
2018-06-19T23:32:05.759+0800 I STORAGE  [serviceShutdown] WiredTigerKVEngine shutting down
2018-06-19T23:32:05.812+0800 I STORAGE  [serviceShutdown] shutdown: removing fs lock...
2018-06-19T23:32:05.812+0800 I CONTROL  [serviceShutdown] now exiting
2018-06-19T23:36:43.789+0800 I CONTROL  [main] ***** SERVER RESTARTED *****
2018-06-19T23:36:44.090+0800 I CONTROL  [main] Trying to install Windows service 'mongodb'
2018-06-19T23:36:44.101+0800 I CONTROL  [main] Service 'mongodb' (MongoDB) installed with command line 'D:\chengxu\mongodb\bin\mongod.exe --dbpath D:\zhufeng\mongo\mddata --logpath D:\zhufeng\mongo\mdlog.log --logappend --directoryperdb --service'
2018-06-19T23:36:44.101+0800 I CONTROL  [main] Service can be started from the command line with 'net start mongodb'
2018-06-19T23:36:51.042+0800 I CONTROL  [main] ***** SERVER RESTARTED *****
2018-06-19T23:36:51.344+0800 I CONTROL  [main] Trying to start Windows service 'MongoDB'
2018-06-19T23:36:51.345+0800 I CONTROL  [initandlisten] MongoDB starting : pid=4536 port=27017 dbpath=D:\zhufeng\mongo\mddata 64-bit host=DESKTOP-2N85IO3
2018-06-19T23:36:51.345+0800 I CONTROL  [initandlisten] targetMinOS: Windows 7/Windows Server 2008 R2
2018-06-19T23:36:51.345+0800 I CONTROL  [initandlisten] db version v3.6.5
2018-06-19T23:36:51.345+0800 I CONTROL  [initandlisten] git version: a20ecd3e3a174162052ff99913bc2ca9a839d618
2018-06-19T23:36:51.345+0800 I CONTROL  [initandlisten] OpenSSL version: OpenSSL 1.0.2o-fips  27 Mar 2018
2018-06-19T23:36:51.345+0800 I CONTROL  [initandlisten] allocator: tcmalloc
2018-06-19T23:36:51.345+0800 I CONTROL  [initandlisten] modules: none
2018-06-19T23:36:51.345+0800 I CONTROL  [initandlisten] build environment:
2018-06-19T23:36:51.345+0800 I CONTROL  [initandlisten]     distmod: 2008plus-ssl
2018-06-19T23:36:51.345+0800 I CONTROL  [initandlisten]     distarch: x86_64
2018-06-19T23:36:51.345+0800 I CONTROL  [initandlisten]     target_arch: x86_64
2018-06-19T23:36:51.345+0800 I CONTROL  [initandlisten] options: { service: true, storage: { dbPath: "D:\zhufeng\mongo\mddata", directoryPerDB: true }, systemLog: { destination: "file", logAppend: true, path: "D:\zhufeng\mongo\mdlog.log" } }
2018-06-19T23:36:51.348+0800 I -        [initandlisten] Detected data files in D:\zhufeng\mongo\mddata created by the 'wiredTiger' storage engine, so setting the active storage engine to 'wiredTiger'.
2018-06-19T23:36:51.348+0800 I STORAGE  [initandlisten] exception in initAndListen: InvalidOptions: Requested option conflicts with current storage engine option for directoryPerDB; you requested true but the current server storage is already set to false and cannot be changed, terminating
2018-06-19T23:36:51.348+0800 I NETWORK  [serviceStopWorker] shutdown: going to close listening sockets...
2018-06-19T23:36:51.349+0800 I CONTROL  [serviceStopWorker] now exiting
2018-06-19T23:37:22.831+0800 I CONTROL  [main] ***** SERVER RESTARTED *****
2018-06-19T23:37:23.134+0800 I CONTROL  [main] Trying to install Windows service 'mongodb'
2018-06-19T23:37:23.145+0800 I CONTROL  [main] Service 'mongodb' (MongoDB) installed with command line 'D:\chengxu\mongodb\bin\mongod.exe -dbpath D:\zhufeng\mongo\mddata -logpath D:\zhufeng\mongo\mdlog.log -logappend --service'
2018-06-19T23:37:23.145+0800 I CONTROL  [main] Service can be started from the command line with 'net start mongodb'
2018-06-19T23:37:33.373+0800 I CONTROL  [main] ***** SERVER RESTARTED *****
2018-06-19T23:37:33.679+0800 I CONTROL  [main] Trying to start Windows service 'MongoDB'
2018-06-19T23:37:33.679+0800 I CONTROL  [initandlisten] MongoDB starting : pid=3652 port=27017 dbpath=D:\zhufeng\mongo\mddata 64-bit host=DESKTOP-2N85IO3
2018-06-19T23:37:33.679+0800 I CONTROL  [initandlisten] targetMinOS: Windows 7/Windows Server 2008 R2
2018-06-19T23:37:33.679+0800 I CONTROL  [initandlisten] db version v3.6.5
2018-06-19T23:37:33.679+0800 I CONTROL  [initandlisten] git version: a20ecd3e3a174162052ff99913bc2ca9a839d618
2018-06-19T23:37:33.679+0800 I CONTROL  [initandlisten] OpenSSL version: OpenSSL 1.0.2o-fips  27 Mar 2018
2018-06-19T23:37:33.679+0800 I CONTROL  [initandlisten] allocator: tcmalloc
2018-06-19T23:37:33.679+0800 I CONTROL  [initandlisten] modules: none
2018-06-19T23:37:33.680+0800 I CONTROL  [initandlisten] build environment:
2018-06-19T23:37:33.680+0800 I CONTROL  [initandlisten]     distmod: 2008plus-ssl
2018-06-19T23:37:33.680+0800 I CONTROL  [initandlisten]     distarch: x86_64
2018-06-19T23:37:33.680+0800 I CONTROL  [initandlisten]     target_arch: x86_64
2018-06-19T23:37:33.680+0800 I CONTROL  [initandlisten] options: { service: true, storage: { dbPath: "D:\zhufeng\mongo\mddata" }, systemLog: { destination: "file", logAppend: true, path: "D:\zhufeng\mongo\mdlog.log" } }
2018-06-19T23:37:33.682+0800 I -        [initandlisten] Detected data files in D:\zhufeng\mongo\mddata created by the 'wiredTiger' storage engine, so setting the active storage engine to 'wiredTiger'.
2018-06-19T23:37:33.682+0800 I STORAGE  [initandlisten] wiredtiger_open config: create,cache_size=3553M,session_max=20000,eviction=(threads_min=4,threads_max=4),config_base=false,statistics=(fast),cache_cursors=false,log=(enabled=true,archive=true,path=journal,compressor=snappy),file_manager=(close_idle_time=100000),statistics_log=(wait=0),verbose=(recovery_progress),
2018-06-19T23:37:33.857+0800 I STORAGE  [initandlisten] WiredTiger message [1529422653:856363][3652:140711741186384], txn-recover: Main recovery loop: starting at 1/13184
2018-06-19T23:37:33.986+0800 I STORAGE  [initandlisten] WiredTiger message [1529422653:985468][3652:140711741186384], txn-recover: Recovering log 1 through 2
2018-06-19T23:37:34.059+0800 I STORAGE  [initandlisten] WiredTiger message [1529422654:58524][3652:140711741186384], txn-recover: Recovering log 2 through 2
2018-06-19T23:37:34.123+0800 I STORAGE  [initandlisten] WiredTiger message [1529422654:122553][3652:140711741186384], txn-recover: Set global recovery timestamp: 0
2018-06-19T23:37:34.147+0800 I CONTROL  [initandlisten] 
2018-06-19T23:37:34.147+0800 I CONTROL  [initandlisten] ** WARNING: Access control is not enabled for the database.
2018-06-19T23:37:34.147+0800 I CONTROL  [initandlisten] **          Read and write access to data and configuration is unrestricted.
2018-06-19T23:37:34.147+0800 I CONTROL  [initandlisten] 
2018-06-19T23:37:34.147+0800 I CONTROL  [initandlisten] ** WARNING: This server is bound to localhost.
2018-06-19T23:37:34.147+0800 I CONTROL  [initandlisten] **          Remote systems will be unable to connect to this server. 
2018-06-19T23:37:34.147+0800 I CONTROL  [initandlisten] **          Start the server with --bind_ip <address> to specify which IP 
2018-06-19T23:37:34.147+0800 I CONTROL  [initandlisten] **          addresses it should serve responses from, or with --bind_ip_all to
2018-06-19T23:37:34.147+0800 I CONTROL  [initandlisten] **          bind to all interfaces. If this behavior is desired, start the
2018-06-19T23:37:34.147+0800 I CONTROL  [initandlisten] **          server with --bind_ip 127.0.0.1 to disable this warning.
2018-06-19T23:37:34.147+0800 I CONTROL  [initandlisten] 
2018-06-19T23:37:34.147+0800 I CONTROL  [initandlisten] 
2018-06-19T23:37:34.147+0800 I CONTROL  [initandlisten] ** WARNING: The file system cache of this machine is configured to be greater than 40% of the total memory. This can lead to increased memory pressure and poor performance.
2018-06-19T23:37:34.147+0800 I CONTROL  [initandlisten] See http://dochub.mongodb.org/core/wt-windows-system-file-cache
2018-06-19T23:37:34.147+0800 I CONTROL  [initandlisten] 
2018-06-19T23:37:34.497+0800 I FTDC     [initandlisten] Initializing full-time diagnostic data capture with directory 'D:/zhufeng/mongo/mddata/diagnostic.data'
2018-06-19T23:37:34.499+0800 I NETWORK  [initandlisten] waiting for connections on port 27017
2018-06-19T23:37:34.499+0800 I STORAGE  [initandlisten] Service running
2018-06-19T23:39:41.339+0800 I CONTROL  [serviceShutdown] got SERVICE_CONTROL_STOP request from Windows Service Control Manager, will terminate after current cmd ends
2018-06-19T23:39:41.339+0800 I NETWORK  [serviceShutdown] shutdown: going to close listening sockets...
2018-06-19T23:39:41.339+0800 I FTDC     [serviceShutdown] Shutting down full-time diagnostic data capture
2018-06-19T23:39:41.342+0800 I STORAGE  [serviceShutdown] WiredTigerKVEngine shutting down
2018-06-19T23:39:41.403+0800 I STORAGE  [serviceShutdown] shutdown: removing fs lock...
2018-06-19T23:39:41.404+0800 I CONTROL  [serviceShutdown] now exiting
2018-06-19T23:49:27.752+0800 I CONTROL  [main] ***** SERVER RESTARTED *****
2018-06-19T23:49:28.088+0800 I CONTROL  [main] Trying to install Windows service 'mongodbs'
2018-06-19T23:49:28.104+0800 I CONTROL  [main] Service 'mongodbs' (MongoDB) installed with command line 'D:\chengxu\mongodb\bin\mongod.exe --dbpath D:\zhufeng\mongo\mddata --logpath D:\zhufeng\mongo\mdlog.log --logappend --directoryperdb --service'
2018-06-19T23:49:28.104+0800 I CONTROL  [main] Service can be started from the command line with 'net start mongodbs'
2018-06-19T23:50:59.835+0800 I CONTROL  [main] ***** SERVER RESTARTED *****
2018-06-19T23:51:00.152+0800 I CONTROL  [main] Trying to install Windows service 'ddddd'
2018-06-19T23:51:00.164+0800 I CONTROL  [main] Service 'ddddd' (MongoDB) installed with command line 'D:\chengxu\mongodb\bin\mongod.exe --dbpath D:\zhufeng\mongo\mddata --logpath D:\zhufeng\mongo\mdlog.log --logappend --directoryperdb --service'
2018-06-19T23:51:00.164+0800 I CONTROL  [main] Service can be started from the command line with 'net start ddddd'
2018-06-19T23:51:48.474+0800 I CONTROL  [main] ***** SERVER RESTARTED *****
2018-06-19T23:51:48.788+0800 I CONTROL  [main] Trying to install Windows service 'mongodb'
2018-06-19T23:51:48.800+0800 I CONTROL  [main] Service 'mongodb' (MongoDB) installed with command line 'D:\chengxu\mongodb\bin\mongod.exe -dbpath D:\zhufeng\mongo\mddata -logpath D:\zhufeng\mongo\mdlog.log -logappend --service'
2018-06-19T23:51:48.800+0800 I CONTROL  [main] Service can be started from the command line with 'net start mongodb'
